Time resolution is 1 ps
--------------------------------------------------------------------------------------------------------------------------------------------
Pat No:           1
Pat's iter is          13
--------------------------------------------------------------------------------------------------------------------------------------------
Your answer for Q is 000011111011 
The correct value for Q is 000011111110 
--------------------------------------------------------------------------------------------------------------------------------------------
--------------------------------------------------------------------------------------------------------------------------------------------
Pat No:           1
Pat's iter is          14
--------------------------------------------------------------------------------------------------------------------------------------------
Your answer for Q is 000000011011 
The correct value for Q is 000000011100 
--------------------------------------------------------------------------------------------------------------------------------------------
--------------------------------------------------------------------------------------------------------------------------------------------
Pat No:           1
Pat's iter is          15
--------------------------------------------------------------------------------------------------------------------------------------------
Your answer for Q is 001101101100 
The correct value for Q is 001101101101 
--------------------------------------------------------------------------------------------------------------------------------------------
--------------------------------------------------------------------------------------------------------------------------------------------
Pat No:           1
Pat sequence in Raster scan order is          16
--------------------------------------------------------------------------------------------------------------------------------------------
Your answer for R is 111110110011 
The correct value for R is 111110110100 
--------------------------------------------------------------------------------------------------------------------------------------------
--------------------------------------------------------------------------------------------------------------------------------------------
Pat No:           1
Pat's iter is          16
--------------------------------------------------------------------------------------------------------------------------------------------
Your answer for Q is 000111000110 
The correct value for Q is 000111001000 
--------------------------------------------------------------------------------------------------------------------------------------------
/033[38;5;166mPASS PATTERN NO.   1/033[00m
--------------------------------------------------------------------------------------------------------------------------------------------
Pat No:           2
Pat's iter is          13
--------------------------------------------------------------------------------------------------------------------------------------------
Your answer for Q is 110111000100 
The correct value for Q is 110111000101 
--------------------------------------------------------------------------------------------------------------------------------------------
--------------------------------------------------------------------------------------------------------------------------------------------
Pat No:           2
Pat's iter is          14
--------------------------------------------------------------------------------------------------------------------------------------------
Your answer for Q is 001000101100 
The correct value for Q is 001000101101 
--------------------------------------------------------------------------------------------------------------------------------------------
--------------------------------------------------------------------------------------------------------------------------------------------
Pat No:           2
Pat's iter is          15
--------------------------------------------------------------------------------------------------------------------------------------------
Your answer for Q is 000010000101 
The correct value for Q is 000010001000 
--------------------------------------------------------------------------------------------------------------------------------------------
--------------------------------------------------------------------------------------------------------------------------------------------
Pat No:           2
Pat's iter is          16
--------------------------------------------------------------------------------------------------------------------------------------------
Your answer for Q is 001001101100 
The correct value for Q is 001001101110 
--------------------------------------------------------------------------------------------------------------------------------------------
/033[38;5;136mPASS PATTERN NO.   2/033[00m
--------------------------------------------------------------------------------------------------------------------------------------------
Pat No:           3
Pat's iter is          13
--------------------------------------------------------------------------------------------------------------------------------------------
Your answer for Q is 001010010000 
The correct value for Q is 001010010001 
--------------------------------------------------------------------------------------------------------------------------------------------
--------------------------------------------------------------------------------------------------------------------------------------------
Pat No:           3
Pat's iter is          14
--------------------------------------------------------------------------------------------------------------------------------------------
Your answer for Q is 000011010000 
The correct value for Q is 000011010011 
--------------------------------------------------------------------------------------------------------------------------------------------
:( FAIL :( FAIL :( FAIL :( FAIL :( FAIL :( FAIL :( FAIL :( FAIL :( FAIL :( FAIL :( FAIL :( FAIL :( FAIL :( FAIL :( FAIL :( FAIL :( FAIL :( 
@@@@@@@@@@@@@@@@@@@@@@@@@@@@@@@@@@@@@@@@@@@@@@@@@@@@@@@@@@@@@@@@@@@@@@@@@@@@@@@@@@@@@@@@@@@@@@@@@@@@@@@@@@@@@@@@@@@@@@@@@@@@@@@@@@@@@@@@@@@@
@@@@@@@@@@@@@@@@@@@@@@@@@@@@@@@@@@@@@@@@@@@@@@@@@@@@8Oo::::ooOOO8@@@@@@@@@@@@@@@@@@@@@@@@@@@@@@@@@@@@@@@@@@@@@@@@@@@@@@@@@@@@@@@@@@@@@@@@@@@
@@@@@@@@@@@@@@@@@@@@@@@@@@@@@@@@@@@@@@@@@@@@@@@@@o:   ..::..       .:o88@@@@@@@@@@@8OOoo:::..::oooOO8@@@@@@@@@@@@@@@@@@@@@@@@@@@@@@@@@@@@@@@
@@@@@@@@@@@@@@@@@@@@@@@@@@@@@@@@@@@@@@@@@@@@@@8.   :8@@@@@@@@@@@@Oo..                   ..:.:..      .:O8@@@@@@@@@@@@@@@@@@@@@@@@@@@@@@@@@@@
@@@@@@@@@@@@@@@@@@@@@@@@@@@@@@@@@@@@@@@@@@@@8.  .8@@@@@@@@@@@@@@@@@@@@@@88888888888@@@@@@@@@@@@@@@@@8.    :O@@@@@@@@@@@@@@@@@@@@@@@@@@@@@@@@
@@@@@@@@@@@@@@@@@@@@@@@@@@@@@@@@@@@@@@@@@@@:. .@@@@@@@@@@@@@@@@@@@@@@@@@@@@@@@@@@@@@@@@@@@@@@@@@@@@@@@@@8.   :8@@@@@@@@@@@@@@@@@@@@@@@@@@@@@
@@@@@@@@@@@@@@@@@@@@@@@@@@@@@@@@@@@@@@@@@@O  O@@@@@@@@@@@@@@@@@@@@@@@@@@@@@@@@@@@@@@@@@@@@@@@@@@@@@@@@@@@@@8.   :o@@@@@@@@@@@@@@@@@@@@@@@@@@
@@@@@@@@@@@@@@@@@@@@@@@@@@@@@@@@@@@@@@@@@@o  8@@@@@@@@@@@@@8@@@@@@@@8o::o8@@@@@8ooO88@@@@@@@@@@@@@@@@@@@@@@@@8:.  .:ooO8@@@@@@@@@@@@@@@@@@@@
@@@@@@@@@@@@@@@@@@@@@@@@@@@@@@@@@@@@@@@@@o  :@@@@@@@@@@O      :@@@O   ..  :O@@@:       :@@@@OoO8@@@@@@@@@@@@@@@@Oo...     ..:o@@@@@@@@@@@@@@
@@@@@@@@@@@@@@@@@@@@@@@@@@@@@@@@@@@@@@@@@  :8@@@@@@@@@:  .@@88@@@8:  o@@o  :@@@. 0@@@.  O@@@      .O8@@@@@@@@@@@@@@@@@@8OOo.    O8@@@@@@@@@@
@@@@@@@@@@@@@@@@@@@@@@@@@@@@@@@@@@@@@@@@@  o@@@@@@@@@@O.      :8@8:  o@@O. .@@8  000o  .8@@O  O8O:  .@@o .O@@@@@@@@@@@@@@@@@@@o.  .o@@@@@@@@
@@@@@@@@@@@@@@@@@@@@@@@@@@@@@@@@@@@@@@@@@. :8@@@@@@@@@@@@@@@:  .o8:  o@@o. .@@O  ::  .O@@@O.  o0o.  :@@O. :8@8::8@@@@@@@@@@@@@@@8O  .:8@@@@@
@@@@@@@@@@@@@@@@@@@@@@@@@@@@@@@@@@@@@@@@@  o8@@@@@@@@@@@OO@@8.  o@8   ''  .O@@o  O@:  :O@@:  ::   .8@@@O. .:   .8@@@@@@@@@@@@@@@@@@O   8@@@@
@@@@@@@@@@@@@@@@@@@@@@@@@@@@@@@@@@@@@@@@@. .O@@@@@@@@@@O      .8@@@@Oo::oO@@@@O  8@8:  :@8  :@O. :O@@@@8:   .o@@@@@@@@@@@@@@@@@@@@@@o  :8@@@
@@@@@@@@@@@@@@@@@@@@@@@@@@@@@@@@@@@@@@@@@8:  8@@@@@@@@@@@@8@@@@@@@@@@@@@@@@@@@@@@@@@@@@@@@o:8@8:  :@@@@:  .O@@@@@@@@@@@@@@@@@@@@@@@@8:  o@@@
@@@@@@@@@@@@@@@@@@@@@@@@@@@@@@@@@@@@@@@@@@@:  .8@@@@@@@@@@@@@@@@@@@@@@@@@@@@@@@@@@@@@@@@@@@@@@@@OoO@@@O  :8@@@@@@@@@@@@@@@@@@@@@@@@@@8o  8@@
@@@@@@@@@@@@@@@@@@@@@@@@@@@@@@@@@@@@@@@@@@@@8.   o8@@@@@@@@@@@@@@@@@@@@@@@@@@@@@@88@@@@@@@@@@@@@@@@@@@8::@@@@@88@@@@@@@@@@@@@@@@@@@@@@@  :8@
@@@@@@@@@@@@@@@@@@@@@@@@@@@@@@@@@@@@@@@@@@@@@@O.  .:8@@@@@@@@@@@@@@@@@@@88OOoo::....:O88@@@@@@@@@@@@@@@@@@@@8o .8@@@@@@@@@@@@@@@@@@@@@@:  o@
@@@@@@@@@@@@@@@@@@@@@@@@@@@@@@@@@@@@@@@@@@@@@@@@@o.   ..:o8888888OO::.      ....:o:..     oO@@@@@@@@@@@@@@@@8O..@@ooO@@@@@@@@@@@@@@@@@@O. :@
@@@@@@@@@@@@@@@@@@@@@@@@@@@@@@@@@@@@@@@@@@@@@@@@@@@@Oo::.          ..:OO@@@@@@@@@@@@@@@@O:  .o@@@@@@@@@@@@@@@@@@@O   8@@@@@@@@@@@@@@@@@. .O@
@@@@@@@@@@@@@@@@@@@@@@@@@@@@@@@@@@@@@@@@@@@@@@@@@@@@@@@@@@@@@@@@@@@@@@@@@@@@@@@@@@@@@@@@@@8O   .8@@@@@@@@@@@@@@@@@@@@@O  O@@@@@@@@@@@@@. o8@
@@@@@@@@@@@@@@@@@@@@@@@@@@@@@@@@@@@@@@@@@@@@@@@@@@@@@@@@@@@@@@@@@@@@@@@@@@@@@@@@@@@@@@@@@@@@@O    .O@@@@@@@@@@@@@@@@@@8..8@@@@@@@@@@@@@. .O@
@@@@@@@@@@@@@@@@@@@@@@@@@@@@@@@@@@@@@@@@@@@@@@@@@@@@@@@@@@@@@@@@@@@@@@@@@@@@@@@@@@@@@@@@O:           ..:O88@888@@@@@@@@@@@@@@@@@@@@@@@O  O@@
@@@@@@@@@@@@@@@@@@@@@@@@@@@@@@@@@@@@@@@@@@@@@@@@@@@@@@@@@@@@@@@@@@@@@@@@@@@@@@@@@@@@@@o.                          ..:oO@@@@@@@@@@@@@@@o  @@@
@@@@@@@@@@@@@@@@@@@@@@@@@@@@@@@@@@@@@@@@@@@@@@@@@@@@@@@@@@@@@@@@@@@@@@@@@@@@@@@@@@@@@.                      .o@@8O::.    o8@@@@@@@@@@@O  8@@
@@@@@@@@@@@@@@@@@@@@@@@@@@@@@@@@@@@@@@@@@@@@@@@@@@@@@@@@@@@@@@@@@@@@@@@@@@@@@@@@@@@@o                         :O@@@@@@@o.  :O8@@@@@@@@8  o8@
@@@@@@@@@@@@@@@@@@@@@@@@@88OO888@@@@@@@@@@@@@@@@@@@@@@@@@@@@@@8888OOOOO8@@8888@@@@@O.                          .@@@@@@@@@:.  :@@@@@@@@@. .O@
@@@@@@@@@@@@@@@@@@@@8o:           O8@@@@@@@@@@@@@@@@@@@8OO:.                     .::                            :8@@@@@@@@@.  .O@@@@@@@o. o@
@@@@@@@@@@@@@@@@@@.                 o8@@@@@@@@@@@O:.         .::oOOO8Oo:..::::..                                 o@@@@@@@@@@8:  8@@@@@@o. o@
@@@@@@@@@@@@@@@@:                    .@@@@@Oo.        .:OO@@@@@@@@@@@@@@@@@@@@@@@@@o.                            O@@@@@@@@@@@@  o8@@@@@O. o@
@@@@@@@@@@@@@@:                       o88.     ..O88@@@@@@@@@@@@@@@@@@@@@@@@@@@@@@@@@@888O.                     .8@@@@@@@@@@@@  o8@@@@@: .O@
@@@@@@@@@@@@O:                             :o8@@@@@@@@@@@@@@@@@@@@@@@@@@@@@@@@@@@@@@@@@@@@@@:                  .8@@@@@@@@@@@8o  8@@@@@O  O@@
@@@@@@@@@@@O.                            :8@@@@@@@@@@@@@@@@@@@@@@@@@@@@@@@@@@@@@@@@@@@@@@@@@@@o.              :8@@@@@@@@@@8.  .O@@@@o.  :@@@
@@@@@@@@@@@:                          :O8@@@@@@@@@@@@@@@@@@@@@@@@@@@@@@@@@@@@@@@@@@@@@@@@@@@@@@@O:          .o@@@@@@@@@8o   .o@@@8:.  .@@@@@
@@@@@@@@@@@.                        O8@@@@@@@@@@@@@@@@@@@@@@@@@@@@@@@@@@@@@@@@@@@@@@@@@@@@@@@@@@@@@O.    .o8@@@@@@@@@@O  :O@@8o:   .O@@@@@@@
@@@@@@@@@@@.                      :O@@@@@@@@@@@@@@@@@@@@@@@@@@@@@@@@@@@@@@@@@@@@@@@@@@@@@@@@@@@@@@@@@O:   o8@@@@@@@@8           oO@@@@@@@@@@
@@@@@@@@@@@:                     o@@@@@@@@@@@@@@@@@@@@@@@@@@@@@@@@@@@@@@@@@@@@@@@@@@@@@@@@@@@@@@@@@@@@@.   .@@@@@@@O.      .:o8@@@@@@@@@@@@@
@@@@@@@@@@@8o                   8@@@@@@@@@@@@@@@@@@@@@@@@@@@@@@@@@@@@@@@@@@@@@@@@@@@@@@@@@@@@@@@@@@@@@@@o   :@@@@O     o8@@@@@@@@@@@@@@@@@@@
@@@@@@@@@@@@@8.               .O@@@@@@@@@@@@@@@@@@@@@@@@@@@@@@@@@@@@@@@@@@@@@@@@@@@@@@@@@@@@@@@@@@@@@@@@@:   .@@@8..:8@@@@@@@@@@@@@@@@@@@@@@
@@@@@@@@@@@@@@@8:            .o@@@@@@@@@@@@@@@@@@@@@@@@@@@@@@@@@@@@@@@@@@@@@@@@@@@@@@@@@@@@@@@@@@@@@@@@@@@O.  :8@@@@@@@@@@@@@@@@@@@@@@@@@@@@
@@@@@@@@@@@@@@@@@@8O.        8@@@@@@@@@@@@@@@@@@@@@@@@@@@@@@@@@@@@@@@@@@@@@@@@@@@@@@@@@@@@@@@@@@@@@@@@@@@@@@   :@@@@@@@@@@@@@@@@@@@@@@@@@@@@
@@@@@@@@@@@@@@@@@@@@@@@8o   o@@@@@@@@@@@@@@@@@@@@@@@@@@@@@@@@@@@@@@@@@@@@@@@@@@@@@@@@@@@@@@@@@@@@@@@@@@@@@@@o   O@@@@@@@@@@@@@@@@@@@@@@@@@@@
@@@@@@@@@@@@@@@@@@@@@@@O   O@@@@@@@@@@@@@@@@@@@@@@@@@@@@@@@@@@@@@@@@@@@@@@@@@@@@@@@@@@@@@@@@@@@@@@@@@@@@@@@@@O   :@@@@@@@@@@@@@@@@@@@@@@@@@@
@@@@@@@@@@@@@@@@@@@@@@8   :@@@@@@@@@@@@@@@@@@@@@@@@@@@@@@@@@@@@@@@@@@@@@@@@@@@@@@@@@@@@@@@@@@@@@@@@@@@@@@@@@@@:   8@@@@@@@@@@@@@@@@@@@@@@@@@
@@@@@@@@@@@@@@@@@@@@@8o  :8@@@@@@@@@@@@@@@@@@@@@@@@@@@@@@@@@@@@@@@@@@@@@@@@@@@@@@@@:..   .:o@@@@@@@@@@@@@@@@@@8.  O@@@@@@@@@@@@@@@@@@@@@@@@@
@@@@@@@@@@@@@@@@@@@@@8o  :8@@@@@@@@@@@@@@@@@@@@@@@@@@@@@@@@@@@@@@@@@@@@@@@@@@@@@@O.         .:@@@@@@@@@@@@@@@@@:  :O@@@@@@@@@@@@@@@@@@@@@@@@
@@@@@@@@@@@@@@@@@@@@@O.  o@@@@@@@@@@@@@@@@@@@@@@8OOO8@@@@@@@@@@@@@@@@@@@@@@@@@@@8.             .@@@@@@@@@@@@@@@@.  .O@@@@@@@@@@@@@@@@@@@@@@@
@@@@@@@@@@@@@@@@@@@@o.  .@@@@@@@@@@@@@@@@@@@8:.       :8@@@@@@@@@@@@@@@@@@@@@@@@8.               o8@@@@@@@@@@@@@o. .:@@@@@@@@@@@@@@@@@@@@@@@
@@@@@@@@@@@@@@@@@@@@o.  :@@@@@@@@@@@@@@@@@O            .@@@@@@@@@@@@@@@@@@@@@@@@@:                .8@@@@@@@@@@@@O.  :@@@@@@@@@@@@@@@@@@@@@@@
@@@@@@@@@@@@@@@@@@@@O.  .@@@@@@@@@@@@@@@@:             .8@@@@@@@@@@@@@@@@@@@@@@@@O:                o@@@@@@@@@@@@O:  .@@@@@@@@@@@@@@@@@@@@@@@
@@@@@@@@@@@@@@@@@@@@O.  .@@@@@@@@@@@@@@8:               8@@@@@@@@@@@@@@@@@@@@@@@@@@.               o@@@@@@@@@@@@O:  .@@@@@@@@@@@@@@@@@@@@@@@
@@@@@@@@@@@@@@@@@@@@O.  .@@@@@@@@@@@@@o.                8@@@@@@@@@@@@@@@@@@@@@@@@@@8o             .8@@@@@@@@@@@@O.  .@@@@@@@@@@@@@@@@@@@@@@@
@@@@@@@@@@@@@@@@@@@@8:  .@@@@@@@@@@@@@                 :@@@@@@@@@@@@@@@@@@@@@@@@@@@@@8:.        O8@@@@@@@@@@@@@@o.  :@@@@@@@@@@@@@@@@@@@@@@@
@@@@@@@@@@@@@@@@@@@@@o   8@@@@@@@@@@@@.               :8@@@@@@@@@          :8@@@@@@@@@@@8OoooO@@@@@@@@@@@@@@@@@@.  .o@@@@@@@@@@@@@@@@@@@@@@@
@@@@@@@@@@@@@@@@@@88O:   O@@@@@@@@@@@@O:             .@@@@@@@@O             .8@@@@@@@@@@@@@@@@@@@@@@@@@@@@@@@@@8   :8@@@@@@@@@@@@@@@@@@@@@@@
@@@@@@@@@@@@@@@@O:.       :O8@@@@@@@@@@8o           :O@@@@@@@8:             :@@@@@@@@@@@@@@@@@@@@@@@@@@@@@@@@@8:       :o@@@@@@@@@@@@@@@@@@@
@@@@@@@@@@@@@@o              ..:8@@@@@@@@@8o:::.:O8@@@@@@@@@@@8.           :@@@@@@@@@@@@@@@@@@@@@@@@@@@@@@O:.             o@@@@@@@@@@@@@@@@@
@@@@@@@@@@@@8o                   :@@@@@@@@@@@@@@@@@@@@@@@@@@@@@@@:.     .o@@@@@@@@@@@@@@@@@@@@@@@@@@@@@@8                  o8@@@@@@@@@@@@@@@
8OOOooooOOoo:.                    :OOOOOOOOOO8888OOOOOOOOOOOoo:ooOOOo: .OOOOOOOOOO888OOooOO888OOOOOooO8:                   .:OOOOOOOOOOO88@@
            .                                                                                                                               
@@@@@@@@@@@@@@8o                 .8@@@@@@@@@@@@@@@@@@@@@@@@@@@@@@@@@@@@@@@@@@@@@@@@@@@@@@@@@@@@@@@@@@@8                    :8@@@@@@@@@@@@@@@
@@@@@@@@@@@@@@@@8O.             o8@@@@@@@@@@@@@@@@@@@@@@@@@@@@@@@@@@@@@@@@@@@@@@@@@@@@@@@@@@@@@@@@@@@@@8o                 .@@@@@@@@@@@@@@@@@
@@@@@@@@@@@@@@@@@@@@::.       :O@@@@@@@@@@@@@@@@@@@@@@@@@@@@@@@@@@@@@@@@@@@@@@@@@@@@@@@@@@@@@@@@@@@@@@@@@@@O..         .:8@@@@@@@@@@@@@@@@@@
@@@@@@@@@@@@@@@@@@@@@@@@@88O8@@@@@@@@@@@@@@@@@@@@@@@@@@@@@@@@@@@@@@@@@@@@@@@@@@@@@@@@@@@@@@@@@@@@@@@@@@@@@@@@@@@88@@@@@@@@@@@@@@@@@@@@@@@@@@
--------------------------------------------------------------------------------------------------------------------------------------------
                                                                SPEC 8 FAIL!                                                                
                                        Number of errors are more than 10, please fix your design!                                          
--------------------------------------------------------------------------------------------------------------------------------------------
$finish called at time : 2020 ns : File "C:/Users/User/Desktop/VLSI_DSP_Notes_HW_Project/hw5/verilog/pattern.v" Line 208
