Time resolution is 1 ps
/033[38;5;xmPASS PATTERN NO.   1/033[00m
/033[38;5;xmPASS PATTERN NO.   2/033[00m
/033[38;5;xmPASS PATTERN NO.   3/033[00m
/033[38;5;xmPASS PATTERN NO.   4/033[00m
/033[38;5;xmPASS PATTERN NO.   5/033[00m
/033[38;5;xmPASS PATTERN NO.   6/033[00m
/033[38;5;xmPASS PATTERN NO.   7/033[00m
/033[38;5;xmPASS PATTERN NO.   8/033[00m
/033[38;5;xmPASS PATTERN NO.   9/033[00m
/033[38;5;xmPASS PATTERN NO.  10/033[00m
/033[38;5;xmPASS PATTERN NO.  11/033[00m
/033[38;5;xmPASS PATTERN NO.  12/033[00m
/033[38;5;xmPASS PATTERN NO.  13/033[00m
/033[38;5;xmPASS PATTERN NO.  14/033[00m
/033[38;5;xmPASS PATTERN NO.  15/033[00m
/033[38;5;xmPASS PATTERN NO.  16/033[00m
/033[38;5;xmPASS PATTERN NO.  17/033[00m
/033[38;5;xmPASS PATTERN NO.  18/033[00m
/033[38;5;xmPASS PATTERN NO.  19/033[00m
/033[38;5;xmPASS PATTERN NO.  20/033[00m
/033[38;5;xmPASS PATTERN NO.  21/033[00m
/033[38;5;xmPASS PATTERN NO.  22/033[00m
/033[38;5;xmPASS PATTERN NO.  23/033[00m
/033[38;5;xmPASS PATTERN NO.  24/033[00m
/033[38;5;xmPASS PATTERN NO.  25/033[00m
/033[38;5;xmPASS PATTERN NO.  26/033[00m
/033[38;5;xmPASS PATTERN NO.  27/033[00m
/033[38;5;xmPASS PATTERN NO.  28/033[00m
/033[38;5;xmPASS PATTERN NO.  29/033[00m
/033[38;5;xmPASS PATTERN NO.  30/033[00m
/033[38;5;xmPASS PATTERN NO.  31/033[00m
/033[38;5;xmPASS PATTERN NO.  32/033[00m
/033[38;5;xmPASS PATTERN NO.  33/033[00m
/033[38;5;xmPASS PATTERN NO.  34/033[00m
/033[38;5;xmPASS PATTERN NO.  35/033[00m
/033[38;5;xmPASS PATTERN NO.  36/033[00m
/033[38;5;xmPASS PATTERN NO.  37/033[00m
/033[38;5;xmPASS PATTERN NO.  38/033[00m
/033[38;5;xmPASS PATTERN NO.  39/033[00m
/033[38;5;xmPASS PATTERN NO.  40/033[00m
/033[38;5;xmPASS PATTERN NO.  41/033[00m
/033[38;5;xmPASS PATTERN NO.  42/033[00m
/033[38;5;xmPASS PATTERN NO.  43/033[00m
/033[38;5;xmPASS PATTERN NO.  44/033[00m
/033[38;5;xmPASS PATTERN NO.  45/033[00m
/033[38;5;xmPASS PATTERN NO.  46/033[00m
/033[38;5;xmPASS PATTERN NO.  47/033[00m
/033[38;5;xmPASS PATTERN NO.  48/033[00m
/033[38;5;xmPASS PATTERN NO.  49/033[00m
/033[38;5;xmPASS PATTERN NO.  50/033[00m
/033[38;5;xmPASS PATTERN NO.  51/033[00m
/033[38;5;xmPASS PATTERN NO.  52/033[00m
/033[38;5;xmPASS PATTERN NO.  53/033[00m
/033[38;5;xmPASS PATTERN NO.  54/033[00m
/033[38;5;xmPASS PATTERN NO.  55/033[00m
/033[38;5;xmPASS PATTERN NO.  56/033[00m
/033[38;5;xmPASS PATTERN NO.  57/033[00m
/033[38;5;xmPASS PATTERN NO.  58/033[00m
/033[38;5;xmPASS PATTERN NO.  59/033[00m
/033[38;5;xmPASS PATTERN NO.  60/033[00m
/033[38;5;xmPASS PATTERN NO.  61/033[00m
/033[38;5;xmPASS PATTERN NO.  62/033[00m
/033[38;5;xmPASS PATTERN NO.  63/033[00m
/033[38;5;xmPASS PATTERN NO.  64/033[00m
/033[38;5;xmPASS PATTERN NO.  65/033[00m
/033[38;5;xmPASS PATTERN NO.  66/033[00m
/033[38;5;xmPASS PATTERN NO.  67/033[00m
/033[38;5;xmPASS PATTERN NO.  68/033[00m
/033[38;5;xmPASS PATTERN NO.  69/033[00m
/033[38;5;xmPASS PATTERN NO.  70/033[00m
/033[38;5;xmPASS PATTERN NO.  71/033[00m
/033[38;5;xmPASS PATTERN NO.  72/033[00m
/033[38;5;xmPASS PATTERN NO.  73/033[00m
/033[38;5;xmPASS PATTERN NO.  74/033[00m
/033[38;5;xmPASS PATTERN NO.  75/033[00m
/033[38;5;xmPASS PATTERN NO.  76/033[00m
/033[38;5;xmPASS PATTERN NO.  77/033[00m
/033[38;5;xmPASS PATTERN NO.  78/033[00m
/033[38;5;xmPASS PATTERN NO.  79/033[00m
/033[38;5;xmPASS PATTERN NO.  80/033[00m
/033[38;5;xmPASS PATTERN NO.  81/033[00m
/033[38;5;xmPASS PATTERN NO.  82/033[00m
/033[38;5;xmPASS PATTERN NO.  83/033[00m
/033[38;5;xmPASS PATTERN NO.  84/033[00m
/033[38;5;xmPASS PATTERN NO.  85/033[00m
/033[38;5;xmPASS PATTERN NO.  86/033[00m
/033[38;5;xmPASS PATTERN NO.  87/033[00m
/033[38;5;xmPASS PATTERN NO.  88/033[00m
/033[38;5;xmPASS PATTERN NO.  89/033[00m
/033[38;5;xmPASS PATTERN NO.  90/033[00m
/033[38;5;xmPASS PATTERN NO.  91/033[00m
/033[38;5;xmPASS PATTERN NO.  92/033[00m
/033[38;5;xmPASS PATTERN NO.  93/033[00m
/033[38;5;xmPASS PATTERN NO.  94/033[00m
/033[38;5;xmPASS PATTERN NO.  95/033[00m
/033[38;5;xmPASS PATTERN NO.  96/033[00m
/033[38;5;xmPASS PATTERN NO.  97/033[00m
/033[38;5;xmPASS PATTERN NO.  98/033[00m
/033[38;5;xmPASS PATTERN NO.  99/033[00m
/033[38;5;xmPASS PATTERN NO. 100/033[00m
/033[38;5;xmPASS PATTERN NO. 101/033[00m
/033[38;5;xmPASS PATTERN NO. 102/033[00m
/033[38;5;xmPASS PATTERN NO. 103/033[00m
/033[38;5;xmPASS PATTERN NO. 104/033[00m
/033[38;5;xmPASS PATTERN NO. 105/033[00m
/033[38;5;xmPASS PATTERN NO. 106/033[00m
/033[38;5;xmPASS PATTERN NO. 107/033[00m
/033[38;5;xmPASS PATTERN NO. 108/033[00m
/033[38;5;xmPASS PATTERN NO. 109/033[00m
/033[38;5;xmPASS PATTERN NO. 110/033[00m
/033[38;5;xmPASS PATTERN NO. 111/033[00m
/033[38;5;xmPASS PATTERN NO. 112/033[00m
/033[38;5;xmPASS PATTERN NO. 113/033[00m
/033[38;5;xmPASS PATTERN NO. 114/033[00m
/033[38;5;xmPASS PATTERN NO. 115/033[00m
/033[38;5;xmPASS PATTERN NO. 116/033[00m
/033[38;5;xmPASS PATTERN NO. 117/033[00m
/033[38;5;xmPASS PATTERN NO. 118/033[00m
/033[38;5;xmPASS PATTERN NO. 119/033[00m
/033[38;5;xmPASS PATTERN NO. 120/033[00m
/033[38;5;xmPASS PATTERN NO. 121/033[00m
/033[38;5;xmPASS PATTERN NO. 122/033[00m
/033[38;5;xmPASS PATTERN NO. 123/033[00m
/033[38;5;xmPASS PATTERN NO. 124/033[00m
/033[38;5;xmPASS PATTERN NO. 125/033[00m
/033[38;5;xmPASS PATTERN NO. 126/033[00m
/033[38;5;xmPASS PATTERN NO. 127/033[00m
/033[38;5;xmPASS PATTERN NO. 128/033[00m
/033[38;5;xmPASS PATTERN NO. 129/033[00m
/033[38;5;xmPASS PATTERN NO. 130/033[00m
/033[38;5;xmPASS PATTERN NO. 131/033[00m
/033[38;5;xmPASS PATTERN NO. 132/033[00m
/033[38;5;xmPASS PATTERN NO. 133/033[00m
/033[38;5;xmPASS PATTERN NO. 134/033[00m
/033[38;5;xmPASS PATTERN NO. 135/033[00m
/033[38;5;xmPASS PATTERN NO. 136/033[00m
/033[38;5;xmPASS PATTERN NO. 137/033[00m
/033[38;5;xmPASS PATTERN NO. 138/033[00m
/033[38;5;xmPASS PATTERN NO. 139/033[00m
/033[38;5;xmPASS PATTERN NO. 140/033[00m
/033[38;5;xmPASS PATTERN NO. 141/033[00m
/033[38;5;xmPASS PATTERN NO. 142/033[00m
/033[38;5;xmPASS PATTERN NO. 143/033[00m
/033[38;5;xmPASS PATTERN NO. 144/033[00m
/033[38;5;xmPASS PATTERN NO. 145/033[00m
/033[38;5;xmPASS PATTERN NO. 146/033[00m
/033[38;5;xmPASS PATTERN NO. 147/033[00m
/033[38;5;xmPASS PATTERN NO. 148/033[00m
/033[38;5;xmPASS PATTERN NO. 149/033[00m
/033[38;5;xmPASS PATTERN NO. 150/033[00m
/033[38;5;xmPASS PATTERN NO. 151/033[00m
/033[38;5;xmPASS PATTERN NO. 152/033[00m
/033[38;5;xmPASS PATTERN NO. 153/033[00m
/033[38;5;xmPASS PATTERN NO. 154/033[00m
/033[38;5;xmPASS PATTERN NO. 155/033[00m
/033[38;5;xmPASS PATTERN NO. 156/033[00m
/033[38;5;xmPASS PATTERN NO. 157/033[00m
/033[38;5;xmPASS PATTERN NO. 158/033[00m
/033[38;5;xmPASS PATTERN NO. 159/033[00m
/033[38;5;xmPASS PATTERN NO. 160/033[00m
/033[38;5;xmPASS PATTERN NO. 161/033[00m
/033[38;5;xmPASS PATTERN NO. 162/033[00m
/033[38;5;xmPASS PATTERN NO. 163/033[00m
/033[38;5;xmPASS PATTERN NO. 164/033[00m
/033[38;5;xmPASS PATTERN NO. 165/033[00m
/033[38;5;xmPASS PATTERN NO. 166/033[00m
/033[38;5;xmPASS PATTERN NO. 167/033[00m
/033[38;5;xmPASS PATTERN NO. 168/033[00m
/033[38;5;xmPASS PATTERN NO. 169/033[00m
/033[38;5;xmPASS PATTERN NO. 170/033[00m
/033[38;5;xmPASS PATTERN NO. 171/033[00m
/033[38;5;xmPASS PATTERN NO. 172/033[00m
/033[38;5;xmPASS PATTERN NO. 173/033[00m
/033[38;5;xmPASS PATTERN NO. 174/033[00m
/033[38;5;xmPASS PATTERN NO. 175/033[00m
/033[38;5;xmPASS PATTERN NO. 176/033[00m
/033[38;5;xmPASS PATTERN NO. 177/033[00m
/033[38;5;xmPASS PATTERN NO. 178/033[00m
/033[38;5;xmPASS PATTERN NO. 179/033[00m
/033[38;5;xmPASS PATTERN NO. 180/033[00m
/033[38;5;xmPASS PATTERN NO. 181/033[00m
/033[38;5;xmPASS PATTERN NO. 182/033[00m
/033[38;5;xmPASS PATTERN NO. 183/033[00m
/033[38;5;xmPASS PATTERN NO. 184/033[00m
/033[38;5;xmPASS PATTERN NO. 185/033[00m
/033[38;5;xmPASS PATTERN NO. 186/033[00m
/033[38;5;xmPASS PATTERN NO. 187/033[00m
/033[38;5;xmPASS PATTERN NO. 188/033[00m
/033[38;5;xmPASS PATTERN NO. 189/033[00m
/033[38;5;xmPASS PATTERN NO. 190/033[00m
/033[38;5;xmPASS PATTERN NO. 191/033[00m
/033[38;5;xmPASS PATTERN NO. 192/033[00m
/033[38;5;xmPASS PATTERN NO. 193/033[00m
/033[38;5;xmPASS PATTERN NO. 194/033[00m
/033[38;5;xmPASS PATTERN NO. 195/033[00m
/033[38;5;xmPASS PATTERN NO. 196/033[00m
/033[38;5;xmPASS PATTERN NO. 197/033[00m
/033[38;5;xmPASS PATTERN NO. 198/033[00m
/033[38;5;xmPASS PATTERN NO. 199/033[00m
/033[38;5;xmPASS PATTERN NO. 200/033[00m
/033[38;5;xmPASS PATTERN NO. 201/033[00m
/033[38;5;xmPASS PATTERN NO. 202/033[00m
/033[38;5;xmPASS PATTERN NO. 203/033[00m
/033[38;5;xmPASS PATTERN NO. 204/033[00m
/033[38;5;xmPASS PATTERN NO. 205/033[00m
/033[38;5;xmPASS PATTERN NO. 206/033[00m
/033[38;5;xmPASS PATTERN NO. 207/033[00m
/033[38;5;xmPASS PATTERN NO. 208/033[00m
/033[38;5;xmPASS PATTERN NO. 209/033[00m
/033[38;5;xmPASS PATTERN NO. 210/033[00m
/033[38;5;xmPASS PATTERN NO. 211/033[00m
/033[38;5;xmPASS PATTERN NO. 212/033[00m
/033[38;5;xmPASS PATTERN NO. 213/033[00m
/033[38;5;xmPASS PATTERN NO. 214/033[00m
/033[38;5;xmPASS PATTERN NO. 215/033[00m
/033[38;5;xmPASS PATTERN NO. 216/033[00m
/033[38;5;xmPASS PATTERN NO. 217/033[00m
/033[38;5;xmPASS PATTERN NO. 218/033[00m
/033[38;5;xmPASS PATTERN NO. 219/033[00m
/033[38;5;xmPASS PATTERN NO. 220/033[00m
/033[38;5;xmPASS PATTERN NO. 221/033[00m
/033[38;5;xmPASS PATTERN NO. 222/033[00m
/033[38;5;xmPASS PATTERN NO. 223/033[00m
/033[38;5;xmPASS PATTERN NO. 224/033[00m
/033[38;5;xmPASS PATTERN NO. 225/033[00m
/033[38;5;xmPASS PATTERN NO. 226/033[00m
/033[38;5;xmPASS PATTERN NO. 227/033[00m
/033[38;5;xmPASS PATTERN NO. 228/033[00m
/033[38;5;xmPASS PATTERN NO. 229/033[00m
/033[38;5;xmPASS PATTERN NO. 230/033[00m
/033[38;5;xmPASS PATTERN NO. 231/033[00m
/033[38;5;xmPASS PATTERN NO. 232/033[00m
/033[38;5;xmPASS PATTERN NO. 233/033[00m
/033[38;5;xmPASS PATTERN NO. 234/033[00m
/033[38;5;xmPASS PATTERN NO. 235/033[00m
/033[38;5;xmPASS PATTERN NO. 236/033[00m
/033[38;5;xmPASS PATTERN NO. 237/033[00m
/033[38;5;xmPASS PATTERN NO. 238/033[00m
/033[38;5;xmPASS PATTERN NO. 239/033[00m
/033[38;5;xmPASS PATTERN NO. 240/033[00m
/033[38;5;xmPASS PATTERN NO. 241/033[00m
/033[38;5;xmPASS PATTERN NO. 242/033[00m
/033[38;5;xmPASS PATTERN NO. 243/033[00m
/033[38;5;xmPASS PATTERN NO. 244/033[00m
/033[38;5;xmPASS PATTERN NO. 245/033[00m
/033[38;5;xmPASS PATTERN NO. 246/033[00m
/033[38;5;xmPASS PATTERN NO. 247/033[00m
/033[38;5;xmPASS PATTERN NO. 248/033[00m
/033[38;5;xmPASS PATTERN NO. 249/033[00m
/033[38;5;xmPASS PATTERN NO. 250/033[00m
/033[38;5;xmPASS PATTERN NO. 251/033[00m
/033[38;5;xmPASS PATTERN NO. 252/033[00m
/033[38;5;xmPASS PATTERN NO. 253/033[00m
/033[38;5;xmPASS PATTERN NO. 254/033[00m
/033[38;5;xmPASS PATTERN NO. 255/033[00m
/033[38;5;xmPASS PATTERN NO. 256/033[00m
/033[38;5;xmPASS PATTERN NO. 257/033[00m
/033[38;5;xmPASS PATTERN NO. 258/033[00m
/033[38;5;xmPASS PATTERN NO. 259/033[00m
/033[38;5;xmPASS PATTERN NO. 260/033[00m
/033[38;5;xmPASS PATTERN NO. 261/033[00m
/033[38;5;xmPASS PATTERN NO. 262/033[00m
/033[38;5;xmPASS PATTERN NO. 263/033[00m
/033[38;5;xmPASS PATTERN NO. 264/033[00m
/033[38;5;xmPASS PATTERN NO. 265/033[00m
/033[38;5;xmPASS PATTERN NO. 266/033[00m
/033[38;5;xmPASS PATTERN NO. 267/033[00m
/033[38;5;xmPASS PATTERN NO. 268/033[00m
/033[38;5;xmPASS PATTERN NO. 269/033[00m
/033[38;5;xmPASS PATTERN NO. 270/033[00m
/033[38;5;xmPASS PATTERN NO. 271/033[00m
/033[38;5;xmPASS PATTERN NO. 272/033[00m
/033[38;5;xmPASS PATTERN NO. 273/033[00m
/033[38;5;xmPASS PATTERN NO. 274/033[00m
/033[38;5;xmPASS PATTERN NO. 275/033[00m
/033[38;5;xmPASS PATTERN NO. 276/033[00m
/033[38;5;xmPASS PATTERN NO. 277/033[00m
/033[38;5;xmPASS PATTERN NO. 278/033[00m
/033[38;5;xmPASS PATTERN NO. 279/033[00m
/033[38;5;xmPASS PATTERN NO. 280/033[00m
/033[38;5;xmPASS PATTERN NO. 281/033[00m
/033[38;5;xmPASS PATTERN NO. 282/033[00m
/033[38;5;xmPASS PATTERN NO. 283/033[00m
/033[38;5;xmPASS PATTERN NO. 284/033[00m
/033[38;5;xmPASS PATTERN NO. 285/033[00m
/033[38;5;xmPASS PATTERN NO. 286/033[00m
/033[38;5;xmPASS PATTERN NO. 287/033[00m
/033[38;5;xmPASS PATTERN NO. 288/033[00m
/033[38;5;xmPASS PATTERN NO. 289/033[00m
/033[38;5;xmPASS PATTERN NO. 290/033[00m
/033[38;5;xmPASS PATTERN NO. 291/033[00m
/033[38;5;xmPASS PATTERN NO. 292/033[00m
/033[38;5;xmPASS PATTERN NO. 293/033[00m
/033[38;5;xmPASS PATTERN NO. 294/033[00m
/033[38;5;xmPASS PATTERN NO. 295/033[00m
/033[38;5;xmPASS PATTERN NO. 296/033[00m
/033[38;5;xmPASS PATTERN NO. 297/033[00m
/033[38;5;xmPASS PATTERN NO. 298/033[00m
/033[38;5;xmPASS PATTERN NO. 299/033[00m
/033[38;5;xmPASS PATTERN NO. 300/033[00m
/033[38;5;xmPASS PATTERN NO. 301/033[00m
/033[38;5;xmPASS PATTERN NO. 302/033[00m
/033[38;5;xmPASS PATTERN NO. 303/033[00m
/033[38;5;xmPASS PATTERN NO. 304/033[00m
/033[38;5;xmPASS PATTERN NO. 305/033[00m
/033[38;5;xmPASS PATTERN NO. 306/033[00m
/033[38;5;xmPASS PATTERN NO. 307/033[00m
/033[38;5;xmPASS PATTERN NO. 308/033[00m
/033[38;5;xmPASS PATTERN NO. 309/033[00m
/033[38;5;xmPASS PATTERN NO. 310/033[00m
/033[38;5;xmPASS PATTERN NO. 311/033[00m
/033[38;5;xmPASS PATTERN NO. 312/033[00m
/033[38;5;xmPASS PATTERN NO. 313/033[00m
/033[38;5;xmPASS PATTERN NO. 314/033[00m
/033[38;5;xmPASS PATTERN NO. 315/033[00m
/033[38;5;xmPASS PATTERN NO. 316/033[00m
/033[38;5;xmPASS PATTERN NO. 317/033[00m
/033[38;5;xmPASS PATTERN NO. 318/033[00m
/033[38;5;xmPASS PATTERN NO. 319/033[00m
/033[38;5;xmPASS PATTERN NO. 320/033[00m
/033[38;5;xmPASS PATTERN NO. 321/033[00m
/033[38;5;xmPASS PATTERN NO. 322/033[00m
/033[38;5;xmPASS PATTERN NO. 323/033[00m
/033[38;5;xmPASS PATTERN NO. 324/033[00m
/033[38;5;xmPASS PATTERN NO. 325/033[00m
/033[38;5;xmPASS PATTERN NO. 326/033[00m
/033[38;5;xmPASS PATTERN NO. 327/033[00m
/033[38;5;xmPASS PATTERN NO. 328/033[00m
/033[38;5;xmPASS PATTERN NO. 329/033[00m
/033[38;5;xmPASS PATTERN NO. 330/033[00m
/033[38;5;xmPASS PATTERN NO. 331/033[00m
/033[38;5;xmPASS PATTERN NO. 332/033[00m
/033[38;5;xmPASS PATTERN NO. 333/033[00m
/033[38;5;xmPASS PATTERN NO. 334/033[00m
/033[38;5;xmPASS PATTERN NO. 335/033[00m
/033[38;5;xmPASS PATTERN NO. 336/033[00m
/033[38;5;xmPASS PATTERN NO. 337/033[00m
/033[38;5;xmPASS PATTERN NO. 338/033[00m
/033[38;5;xmPASS PATTERN NO. 339/033[00m
/033[38;5;xmPASS PATTERN NO. 340/033[00m
/033[38;5;xmPASS PATTERN NO. 341/033[00m
/033[38;5;xmPASS PATTERN NO. 342/033[00m
/033[38;5;xmPASS PATTERN NO. 343/033[00m
/033[38;5;xmPASS PATTERN NO. 344/033[00m
/033[38;5;xmPASS PATTERN NO. 345/033[00m
/033[38;5;xmPASS PATTERN NO. 346/033[00m
/033[38;5;xmPASS PATTERN NO. 347/033[00m
/033[38;5;xmPASS PATTERN NO. 348/033[00m
/033[38;5;xmPASS PATTERN NO. 349/033[00m
/033[38;5;xmPASS PATTERN NO. 350/033[00m
/033[38;5;xmPASS PATTERN NO. 351/033[00m
/033[38;5;xmPASS PATTERN NO. 352/033[00m
/033[38;5;xmPASS PATTERN NO. 353/033[00m
/033[38;5;xmPASS PATTERN NO. 354/033[00m
/033[38;5;xmPASS PATTERN NO. 355/033[00m
/033[38;5;xmPASS PATTERN NO. 356/033[00m
/033[38;5;xmPASS PATTERN NO. 357/033[00m
/033[38;5;xmPASS PATTERN NO. 358/033[00m
/033[38;5;xmPASS PATTERN NO. 359/033[00m
/033[38;5;xmPASS PATTERN NO. 360/033[00m
/033[38;5;xmPASS PATTERN NO. 361/033[00m
/033[38;5;xmPASS PATTERN NO. 362/033[00m
/033[38;5;xmPASS PATTERN NO. 363/033[00m
/033[38;5;xmPASS PATTERN NO. 364/033[00m
/033[38;5;xmPASS PATTERN NO. 365/033[00m
/033[38;5;xmPASS PATTERN NO. 366/033[00m
/033[38;5;xmPASS PATTERN NO. 367/033[00m
/033[38;5;xmPASS PATTERN NO. 368/033[00m
/033[38;5;xmPASS PATTERN NO. 369/033[00m
/033[38;5;xmPASS PATTERN NO. 370/033[00m
/033[38;5;xmPASS PATTERN NO. 371/033[00m
/033[38;5;xmPASS PATTERN NO. 372/033[00m
/033[38;5;xmPASS PATTERN NO. 373/033[00m
/033[38;5;xmPASS PATTERN NO. 374/033[00m
/033[38;5;xmPASS PATTERN NO. 375/033[00m
/033[38;5;xmPASS PATTERN NO. 376/033[00m
/033[38;5;xmPASS PATTERN NO. 377/033[00m
/033[38;5;xmPASS PATTERN NO. 378/033[00m
/033[38;5;xmPASS PATTERN NO. 379/033[00m
/033[38;5;xmPASS PATTERN NO. 380/033[00m
/033[38;5;xmPASS PATTERN NO. 381/033[00m
/033[38;5;xmPASS PATTERN NO. 382/033[00m
/033[38;5;xmPASS PATTERN NO. 383/033[00m
/033[38;5;xmPASS PATTERN NO. 384/033[00m
/033[38;5;xmPASS PATTERN NO. 385/033[00m
/033[38;5;xmPASS PATTERN NO. 386/033[00m
/033[38;5;xmPASS PATTERN NO. 387/033[00m
/033[38;5;xmPASS PATTERN NO. 388/033[00m
/033[38;5;xmPASS PATTERN NO. 389/033[00m
/033[38;5;xmPASS PATTERN NO. 390/033[00m
/033[38;5;xmPASS PATTERN NO. 391/033[00m
/033[38;5;xmPASS PATTERN NO. 392/033[00m
/033[38;5;xmPASS PATTERN NO. 393/033[00m
/033[38;5;xmPASS PATTERN NO. 394/033[00m
/033[38;5;xmPASS PATTERN NO. 395/033[00m
/033[38;5;xmPASS PATTERN NO. 396/033[00m
/033[38;5;xmPASS PATTERN NO. 397/033[00m
/033[38;5;xmPASS PATTERN NO. 398/033[00m
/033[38;5;xmPASS PATTERN NO. 399/033[00m
/033[38;5;xmPASS PATTERN NO. 400/033[00m
/033[38;5;xmPASS PATTERN NO. 401/033[00m
/033[38;5;xmPASS PATTERN NO. 402/033[00m
/033[38;5;xmPASS PATTERN NO. 403/033[00m
/033[38;5;xmPASS PATTERN NO. 404/033[00m
/033[38;5;xmPASS PATTERN NO. 405/033[00m
/033[38;5;xmPASS PATTERN NO. 406/033[00m
/033[38;5;xmPASS PATTERN NO. 407/033[00m
/033[38;5;xmPASS PATTERN NO. 408/033[00m
/033[38;5;xmPASS PATTERN NO. 409/033[00m
/033[38;5;xmPASS PATTERN NO. 410/033[00m
/033[38;5;xmPASS PATTERN NO. 411/033[00m
/033[38;5;xmPASS PATTERN NO. 412/033[00m
/033[38;5;xmPASS PATTERN NO. 413/033[00m
/033[38;5;xmPASS PATTERN NO. 414/033[00m
/033[38;5;xmPASS PATTERN NO. 415/033[00m
/033[38;5;xmPASS PATTERN NO. 416/033[00m
/033[38;5;xmPASS PATTERN NO. 417/033[00m
/033[38;5;xmPASS PATTERN NO. 418/033[00m
/033[38;5;xmPASS PATTERN NO. 419/033[00m
/033[38;5;xmPASS PATTERN NO. 420/033[00m
/033[38;5;xmPASS PATTERN NO. 421/033[00m
/033[38;5;xmPASS PATTERN NO. 422/033[00m
/033[38;5;xmPASS PATTERN NO. 423/033[00m
/033[38;5;xmPASS PATTERN NO. 424/033[00m
/033[38;5;xmPASS PATTERN NO. 425/033[00m
/033[38;5;xmPASS PATTERN NO. 426/033[00m
/033[38;5;xmPASS PATTERN NO. 427/033[00m
/033[38;5;xmPASS PATTERN NO. 428/033[00m
/033[38;5;xmPASS PATTERN NO. 429/033[00m
/033[38;5;xmPASS PATTERN NO. 430/033[00m
/033[38;5;xmPASS PATTERN NO. 431/033[00m
/033[38;5;xmPASS PATTERN NO. 432/033[00m
/033[38;5;xmPASS PATTERN NO. 433/033[00m
/033[38;5;xmPASS PATTERN NO. 434/033[00m
/033[38;5;xmPASS PATTERN NO. 435/033[00m
/033[38;5;xmPASS PATTERN NO. 436/033[00m
/033[38;5;xmPASS PATTERN NO. 437/033[00m
/033[38;5;xmPASS PATTERN NO. 438/033[00m
/033[38;5;xmPASS PATTERN NO. 439/033[00m
/033[38;5;xmPASS PATTERN NO. 440/033[00m
/033[38;5;xmPASS PATTERN NO. 441/033[00m
/033[38;5;xmPASS PATTERN NO. 442/033[00m
/033[38;5;xmPASS PATTERN NO. 443/033[00m
/033[38;5;xmPASS PATTERN NO. 444/033[00m
/033[38;5;xmPASS PATTERN NO. 445/033[00m
/033[38;5;xmPASS PATTERN NO. 446/033[00m
/033[38;5;xmPASS PATTERN NO. 447/033[00m
/033[38;5;xmPASS PATTERN NO. 448/033[00m
/033[38;5;xmPASS PATTERN NO. 449/033[00m
/033[38;5;xmPASS PATTERN NO. 450/033[00m
/033[38;5;xmPASS PATTERN NO. 451/033[00m
/033[38;5;xmPASS PATTERN NO. 452/033[00m
/033[38;5;xmPASS PATTERN NO. 453/033[00m
/033[38;5;xmPASS PATTERN NO. 454/033[00m
/033[38;5;xmPASS PATTERN NO. 455/033[00m
/033[38;5;xmPASS PATTERN NO. 456/033[00m
/033[38;5;xmPASS PATTERN NO. 457/033[00m
/033[38;5;xmPASS PATTERN NO. 458/033[00m
/033[38;5;xmPASS PATTERN NO. 459/033[00m
/033[38;5;xmPASS PATTERN NO. 460/033[00m
/033[38;5;xmPASS PATTERN NO. 461/033[00m
/033[38;5;xmPASS PATTERN NO. 462/033[00m
/033[38;5;xmPASS PATTERN NO. 463/033[00m
/033[38;5;xmPASS PATTERN NO. 464/033[00m
/033[38;5;xmPASS PATTERN NO. 465/033[00m
/033[38;5;xmPASS PATTERN NO. 466/033[00m
/033[38;5;xmPASS PATTERN NO. 467/033[00m
/033[38;5;xmPASS PATTERN NO. 468/033[00m
/033[38;5;xmPASS PATTERN NO. 469/033[00m
/033[38;5;xmPASS PATTERN NO. 470/033[00m
/033[38;5;xmPASS PATTERN NO. 471/033[00m
/033[38;5;xmPASS PATTERN NO. 472/033[00m
/033[38;5;xmPASS PATTERN NO. 473/033[00m
/033[38;5;xmPASS PATTERN NO. 474/033[00m
/033[38;5;xmPASS PATTERN NO. 475/033[00m
/033[38;5;xmPASS PATTERN NO. 476/033[00m
/033[38;5;xmPASS PATTERN NO. 477/033[00m
/033[38;5;xmPASS PATTERN NO. 478/033[00m
/033[38;5;xmPASS PATTERN NO. 479/033[00m
/033[38;5;xmPASS PATTERN NO. 480/033[00m
/033[38;5;xmPASS PATTERN NO. 481/033[00m
/033[38;5;xmPASS PATTERN NO. 482/033[00m
/033[38;5;xmPASS PATTERN NO. 483/033[00m
/033[38;5;xmPASS PATTERN NO. 484/033[00m
/033[38;5;xmPASS PATTERN NO. 485/033[00m
/033[38;5;xmPASS PATTERN NO. 486/033[00m
/033[38;5;xmPASS PATTERN NO. 487/033[00m
/033[38;5;xmPASS PATTERN NO. 488/033[00m
/033[38;5;xmPASS PATTERN NO. 489/033[00m
/033[38;5;xmPASS PATTERN NO. 490/033[00m
/033[38;5;xmPASS PATTERN NO. 491/033[00m
/033[38;5;xmPASS PATTERN NO. 492/033[00m
/033[38;5;xmPASS PATTERN NO. 493/033[00m
/033[38;5;xmPASS PATTERN NO. 494/033[00m
/033[38;5;xmPASS PATTERN NO. 495/033[00m
/033[38;5;xmPASS PATTERN NO. 496/033[00m
/033[38;5;xmPASS PATTERN NO. 497/033[00m
/033[38;5;xmPASS PATTERN NO. 498/033[00m
/033[38;5;xmPASS PATTERN NO. 499/033[00m
/033[38;5;xmPASS PATTERN NO. 500/033[00m
/033[38;5;xmPASS PATTERN NO. 501/033[00m
/033[38;5;xmPASS PATTERN NO. 502/033[00m
/033[38;5;xmPASS PATTERN NO. 503/033[00m
/033[38;5;xmPASS PATTERN NO. 504/033[00m
/033[38;5;xmPASS PATTERN NO. 505/033[00m
/033[38;5;xmPASS PATTERN NO. 506/033[00m
/033[38;5;xmPASS PATTERN NO. 507/033[00m
/033[38;5;xmPASS PATTERN NO. 508/033[00m
/033[38;5;xmPASS PATTERN NO. 509/033[00m
/033[38;5;xmPASS PATTERN NO. 510/033[00m
/033[38;5;xmPASS PATTERN NO. 511/033[00m
/033[38;5;xmPASS PATTERN NO. 512/033[00m
/033[38;5;xmPASS PATTERN NO. 513/033[00m
/033[38;5;xmPASS PATTERN NO. 514/033[00m
/033[38;5;xmPASS PATTERN NO. 515/033[00m
/033[38;5;xmPASS PATTERN NO. 516/033[00m
/033[38;5;xmPASS PATTERN NO. 517/033[00m
/033[38;5;xmPASS PATTERN NO. 518/033[00m
/033[38;5;xmPASS PATTERN NO. 519/033[00m
/033[38;5;xmPASS PATTERN NO. 520/033[00m
/033[38;5;xmPASS PATTERN NO. 521/033[00m
/033[38;5;xmPASS PATTERN NO. 522/033[00m
/033[38;5;xmPASS PATTERN NO. 523/033[00m
/033[38;5;xmPASS PATTERN NO. 524/033[00m
/033[38;5;xmPASS PATTERN NO. 525/033[00m
/033[38;5;xmPASS PATTERN NO. 526/033[00m
/033[38;5;xmPASS PATTERN NO. 527/033[00m
/033[38;5;xmPASS PATTERN NO. 528/033[00m
/033[38;5;xmPASS PATTERN NO. 529/033[00m
/033[38;5;xmPASS PATTERN NO. 530/033[00m
/033[38;5;xmPASS PATTERN NO. 531/033[00m
/033[38;5;xmPASS PATTERN NO. 532/033[00m
/033[38;5;xmPASS PATTERN NO. 533/033[00m
/033[38;5;xmPASS PATTERN NO. 534/033[00m
/033[38;5;xmPASS PATTERN NO. 535/033[00m
/033[38;5;xmPASS PATTERN NO. 536/033[00m
/033[38;5;xmPASS PATTERN NO. 537/033[00m
/033[38;5;xmPASS PATTERN NO. 538/033[00m
/033[38;5;xmPASS PATTERN NO. 539/033[00m
/033[38;5;xmPASS PATTERN NO. 540/033[00m
/033[38;5;xmPASS PATTERN NO. 541/033[00m
/033[38;5;xmPASS PATTERN NO. 542/033[00m
/033[38;5;xmPASS PATTERN NO. 543/033[00m
/033[38;5;xmPASS PATTERN NO. 544/033[00m
/033[38;5;xmPASS PATTERN NO. 545/033[00m
/033[38;5;xmPASS PATTERN NO. 546/033[00m
/033[38;5;xmPASS PATTERN NO. 547/033[00m
/033[38;5;xmPASS PATTERN NO. 548/033[00m
/033[38;5;xmPASS PATTERN NO. 549/033[00m
/033[38;5;xmPASS PATTERN NO. 550/033[00m
/033[38;5;xmPASS PATTERN NO. 551/033[00m
/033[38;5;xmPASS PATTERN NO. 552/033[00m
/033[38;5;xmPASS PATTERN NO. 553/033[00m
/033[38;5;xmPASS PATTERN NO. 554/033[00m
/033[38;5;xmPASS PATTERN NO. 555/033[00m
/033[38;5;xmPASS PATTERN NO. 556/033[00m
/033[38;5;xmPASS PATTERN NO. 557/033[00m
/033[38;5;xmPASS PATTERN NO. 558/033[00m
/033[38;5;xmPASS PATTERN NO. 559/033[00m
/033[38;5;xmPASS PATTERN NO. 560/033[00m
/033[38;5;xmPASS PATTERN NO. 561/033[00m
/033[38;5;xmPASS PATTERN NO. 562/033[00m
/033[38;5;xmPASS PATTERN NO. 563/033[00m
/033[38;5;xmPASS PATTERN NO. 564/033[00m
/033[38;5;xmPASS PATTERN NO. 565/033[00m
/033[38;5;xmPASS PATTERN NO. 566/033[00m
/033[38;5;xmPASS PATTERN NO. 567/033[00m
/033[38;5;xmPASS PATTERN NO. 568/033[00m
/033[38;5;xmPASS PATTERN NO. 569/033[00m
/033[38;5;xmPASS PATTERN NO. 570/033[00m
/033[38;5;xmPASS PATTERN NO. 571/033[00m
/033[38;5;xmPASS PATTERN NO. 572/033[00m
/033[38;5;xmPASS PATTERN NO. 573/033[00m
/033[38;5;xmPASS PATTERN NO. 574/033[00m
/033[38;5;xmPASS PATTERN NO. 575/033[00m
/033[38;5;xmPASS PATTERN NO. 576/033[00m
/033[38;5;xmPASS PATTERN NO. 577/033[00m
/033[38;5;xmPASS PATTERN NO. 578/033[00m
/033[38;5;xmPASS PATTERN NO. 579/033[00m
/033[38;5;xmPASS PATTERN NO. 580/033[00m
/033[38;5;xmPASS PATTERN NO. 581/033[00m
/033[38;5;xmPASS PATTERN NO. 582/033[00m
/033[38;5;xmPASS PATTERN NO. 583/033[00m
/033[38;5;xmPASS PATTERN NO. 584/033[00m
/033[38;5;xmPASS PATTERN NO. 585/033[00m
/033[38;5;xmPASS PATTERN NO. 586/033[00m
/033[38;5;xmPASS PATTERN NO. 587/033[00m
/033[38;5;xmPASS PATTERN NO. 588/033[00m
/033[38;5;xmPASS PATTERN NO. 589/033[00m
/033[38;5;xmPASS PATTERN NO. 590/033[00m
/033[38;5;xmPASS PATTERN NO. 591/033[00m
/033[38;5;xmPASS PATTERN NO. 592/033[00m
/033[38;5;xmPASS PATTERN NO. 593/033[00m
/033[38;5;xmPASS PATTERN NO. 594/033[00m
/033[38;5;xmPASS PATTERN NO. 595/033[00m
/033[38;5;xmPASS PATTERN NO. 596/033[00m
/033[38;5;xmPASS PATTERN NO. 597/033[00m
/033[38;5;xmPASS PATTERN NO. 598/033[00m
/033[38;5;xmPASS PATTERN NO. 599/033[00m
/033[38;5;xmPASS PATTERN NO. 600/033[00m
/033[38;5;xmPASS PATTERN NO. 601/033[00m
/033[38;5;xmPASS PATTERN NO. 602/033[00m
/033[38;5;xmPASS PATTERN NO. 603/033[00m
/033[38;5;xmPASS PATTERN NO. 604/033[00m
/033[38;5;xmPASS PATTERN NO. 605/033[00m
/033[38;5;xmPASS PATTERN NO. 606/033[00m
/033[38;5;xmPASS PATTERN NO. 607/033[00m
/033[38;5;xmPASS PATTERN NO. 608/033[00m
/033[38;5;xmPASS PATTERN NO. 609/033[00m
/033[38;5;xmPASS PATTERN NO. 610/033[00m
/033[38;5;xmPASS PATTERN NO. 611/033[00m
/033[38;5;xmPASS PATTERN NO. 612/033[00m
/033[38;5;xmPASS PATTERN NO. 613/033[00m
/033[38;5;xmPASS PATTERN NO. 614/033[00m
/033[38;5;xmPASS PATTERN NO. 615/033[00m
/033[38;5;xmPASS PATTERN NO. 616/033[00m
/033[38;5;xmPASS PATTERN NO. 617/033[00m
/033[38;5;xmPASS PATTERN NO. 618/033[00m
/033[38;5;xmPASS PATTERN NO. 619/033[00m
/033[38;5;xmPASS PATTERN NO. 620/033[00m
/033[38;5;xmPASS PATTERN NO. 621/033[00m
/033[38;5;xmPASS PATTERN NO. 622/033[00m
/033[38;5;xmPASS PATTERN NO. 623/033[00m
/033[38;5;xmPASS PATTERN NO. 624/033[00m
/033[38;5;xmPASS PATTERN NO. 625/033[00m
/033[38;5;xmPASS PATTERN NO. 626/033[00m
/033[38;5;xmPASS PATTERN NO. 627/033[00m
/033[38;5;xmPASS PATTERN NO. 628/033[00m
/033[38;5;xmPASS PATTERN NO. 629/033[00m
/033[38;5;xmPASS PATTERN NO. 630/033[00m
/033[38;5;xmPASS PATTERN NO. 631/033[00m
/033[38;5;xmPASS PATTERN NO. 632/033[00m
/033[38;5;xmPASS PATTERN NO. 633/033[00m
/033[38;5;xmPASS PATTERN NO. 634/033[00m
/033[38;5;xmPASS PATTERN NO. 635/033[00m
/033[38;5;xmPASS PATTERN NO. 636/033[00m
/033[38;5;xmPASS PATTERN NO. 637/033[00m
/033[38;5;xmPASS PATTERN NO. 638/033[00m
/033[38;5;xmPASS PATTERN NO. 639/033[00m
/033[38;5;xmPASS PATTERN NO. 640/033[00m
/033[38;5;xmPASS PATTERN NO. 641/033[00m
/033[38;5;xmPASS PATTERN NO. 642/033[00m
/033[38;5;xmPASS PATTERN NO. 643/033[00m
/033[38;5;xmPASS PATTERN NO. 644/033[00m
/033[38;5;xmPASS PATTERN NO. 645/033[00m
/033[38;5;xmPASS PATTERN NO. 646/033[00m
/033[38;5;xmPASS PATTERN NO. 647/033[00m
/033[38;5;xmPASS PATTERN NO. 648/033[00m
/033[38;5;xmPASS PATTERN NO. 649/033[00m
/033[38;5;xmPASS PATTERN NO. 650/033[00m
/033[38;5;xmPASS PATTERN NO. 651/033[00m
/033[38;5;xmPASS PATTERN NO. 652/033[00m
/033[38;5;xmPASS PATTERN NO. 653/033[00m
/033[38;5;xmPASS PATTERN NO. 654/033[00m
/033[38;5;xmPASS PATTERN NO. 655/033[00m
/033[38;5;xmPASS PATTERN NO. 656/033[00m
/033[38;5;xmPASS PATTERN NO. 657/033[00m
/033[38;5;xmPASS PATTERN NO. 658/033[00m
/033[38;5;xmPASS PATTERN NO. 659/033[00m
/033[38;5;xmPASS PATTERN NO. 660/033[00m
/033[38;5;xmPASS PATTERN NO. 661/033[00m
/033[38;5;xmPASS PATTERN NO. 662/033[00m
/033[38;5;xmPASS PATTERN NO. 663/033[00m
/033[38;5;xmPASS PATTERN NO. 664/033[00m
/033[38;5;xmPASS PATTERN NO. 665/033[00m
/033[38;5;xmPASS PATTERN NO. 666/033[00m
/033[38;5;xmPASS PATTERN NO. 667/033[00m
/033[38;5;xmPASS PATTERN NO. 668/033[00m
/033[38;5;xmPASS PATTERN NO. 669/033[00m
/033[38;5;xmPASS PATTERN NO. 670/033[00m
/033[38;5;xmPASS PATTERN NO. 671/033[00m
/033[38;5;xmPASS PATTERN NO. 672/033[00m
/033[38;5;xmPASS PATTERN NO. 673/033[00m
/033[38;5;xmPASS PATTERN NO. 674/033[00m
/033[38;5;xmPASS PATTERN NO. 675/033[00m
/033[38;5;xmPASS PATTERN NO. 676/033[00m
/033[38;5;xmPASS PATTERN NO. 677/033[00m
/033[38;5;xmPASS PATTERN NO. 678/033[00m
/033[38;5;xmPASS PATTERN NO. 679/033[00m
/033[38;5;xmPASS PATTERN NO. 680/033[00m
/033[38;5;xmPASS PATTERN NO. 681/033[00m
/033[38;5;xmPASS PATTERN NO. 682/033[00m
/033[38;5;xmPASS PATTERN NO. 683/033[00m
/033[38;5;xmPASS PATTERN NO. 684/033[00m
/033[38;5;xmPASS PATTERN NO. 685/033[00m
/033[38;5;xmPASS PATTERN NO. 686/033[00m
/033[38;5;xmPASS PATTERN NO. 687/033[00m
/033[38;5;xmPASS PATTERN NO. 688/033[00m
/033[38;5;xmPASS PATTERN NO. 689/033[00m
/033[38;5;xmPASS PATTERN NO. 690/033[00m
/033[38;5;xmPASS PATTERN NO. 691/033[00m
/033[38;5;xmPASS PATTERN NO. 692/033[00m
/033[38;5;xmPASS PATTERN NO. 693/033[00m
/033[38;5;xmPASS PATTERN NO. 694/033[00m
/033[38;5;xmPASS PATTERN NO. 695/033[00m
/033[38;5;xmPASS PATTERN NO. 696/033[00m
/033[38;5;xmPASS PATTERN NO. 697/033[00m
/033[38;5;xmPASS PATTERN NO. 698/033[00m
/033[38;5;xmPASS PATTERN NO. 699/033[00m
/033[38;5;xmPASS PATTERN NO. 700/033[00m
/033[38;5;xmPASS PATTERN NO. 701/033[00m
/033[38;5;xmPASS PATTERN NO. 702/033[00m
/033[38;5;xmPASS PATTERN NO. 703/033[00m
/033[38;5;xmPASS PATTERN NO. 704/033[00m
/033[38;5;xmPASS PATTERN NO. 705/033[00m
/033[38;5;xmPASS PATTERN NO. 706/033[00m
/033[38;5;xmPASS PATTERN NO. 707/033[00m
/033[38;5;xmPASS PATTERN NO. 708/033[00m
/033[38;5;xmPASS PATTERN NO. 709/033[00m
/033[38;5;xmPASS PATTERN NO. 710/033[00m
/033[38;5;xmPASS PATTERN NO. 711/033[00m
/033[38;5;xmPASS PATTERN NO. 712/033[00m
/033[38;5;xmPASS PATTERN NO. 713/033[00m
/033[38;5;xmPASS PATTERN NO. 714/033[00m
/033[38;5;xmPASS PATTERN NO. 715/033[00m
/033[38;5;xmPASS PATTERN NO. 716/033[00m
/033[38;5;xmPASS PATTERN NO. 717/033[00m
/033[38;5;xmPASS PATTERN NO. 718/033[00m
/033[38;5;xmPASS PATTERN NO. 719/033[00m
/033[38;5;xmPASS PATTERN NO. 720/033[00m
/033[38;5;xmPASS PATTERN NO. 721/033[00m
/033[38;5;xmPASS PATTERN NO. 722/033[00m
/033[38;5;xmPASS PATTERN NO. 723/033[00m
/033[38;5;xmPASS PATTERN NO. 724/033[00m
/033[38;5;xmPASS PATTERN NO. 725/033[00m
/033[38;5;xmPASS PATTERN NO. 726/033[00m
/033[38;5;xmPASS PATTERN NO. 727/033[00m
/033[38;5;xmPASS PATTERN NO. 728/033[00m
/033[38;5;xmPASS PATTERN NO. 729/033[00m
/033[38;5;xmPASS PATTERN NO. 730/033[00m
/033[38;5;xmPASS PATTERN NO. 731/033[00m
/033[38;5;xmPASS PATTERN NO. 732/033[00m
/033[38;5;xmPASS PATTERN NO. 733/033[00m
/033[38;5;xmPASS PATTERN NO. 734/033[00m
/033[38;5;xmPASS PATTERN NO. 735/033[00m
/033[38;5;xmPASS PATTERN NO. 736/033[00m
/033[38;5;xmPASS PATTERN NO. 737/033[00m
/033[38;5;xmPASS PATTERN NO. 738/033[00m
/033[38;5;xmPASS PATTERN NO. 739/033[00m
/033[38;5;xmPASS PATTERN NO. 740/033[00m
/033[38;5;xmPASS PATTERN NO. 741/033[00m
/033[38;5;xmPASS PATTERN NO. 742/033[00m
/033[38;5;xmPASS PATTERN NO. 743/033[00m
/033[38;5;xmPASS PATTERN NO. 744/033[00m
/033[38;5;xmPASS PATTERN NO. 745/033[00m
/033[38;5;xmPASS PATTERN NO. 746/033[00m
/033[38;5;xmPASS PATTERN NO. 747/033[00m
/033[38;5;xmPASS PATTERN NO. 748/033[00m
/033[38;5;xmPASS PATTERN NO. 749/033[00m
/033[38;5;xmPASS PATTERN NO. 750/033[00m
/033[38;5;xmPASS PATTERN NO. 751/033[00m
/033[38;5;xmPASS PATTERN NO. 752/033[00m
/033[38;5;xmPASS PATTERN NO. 753/033[00m
/033[38;5;xmPASS PATTERN NO. 754/033[00m
/033[38;5;xmPASS PATTERN NO. 755/033[00m
/033[38;5;xmPASS PATTERN NO. 756/033[00m
/033[38;5;xmPASS PATTERN NO. 757/033[00m
/033[38;5;xmPASS PATTERN NO. 758/033[00m
/033[38;5;xmPASS PATTERN NO. 759/033[00m
/033[38;5;xmPASS PATTERN NO. 760/033[00m
/033[38;5;xmPASS PATTERN NO. 761/033[00m
/033[38;5;xmPASS PATTERN NO. 762/033[00m
/033[38;5;xmPASS PATTERN NO. 763/033[00m
/033[38;5;xmPASS PATTERN NO. 764/033[00m
/033[38;5;xmPASS PATTERN NO. 765/033[00m
/033[38;5;xmPASS PATTERN NO. 766/033[00m
/033[38;5;xmPASS PATTERN NO. 767/033[00m
/033[38;5;xmPASS PATTERN NO. 768/033[00m
/033[38;5;xmPASS PATTERN NO. 769/033[00m
/033[38;5;xmPASS PATTERN NO. 770/033[00m
/033[38;5;xmPASS PATTERN NO. 771/033[00m
/033[38;5;xmPASS PATTERN NO. 772/033[00m
/033[38;5;xmPASS PATTERN NO. 773/033[00m
/033[38;5;xmPASS PATTERN NO. 774/033[00m
/033[38;5;xmPASS PATTERN NO. 775/033[00m
/033[38;5;xmPASS PATTERN NO. 776/033[00m
/033[38;5;xmPASS PATTERN NO. 777/033[00m
/033[38;5;xmPASS PATTERN NO. 778/033[00m
/033[38;5;xmPASS PATTERN NO. 779/033[00m
/033[38;5;xmPASS PATTERN NO. 780/033[00m
/033[38;5;xmPASS PATTERN NO. 781/033[00m
/033[38;5;xmPASS PATTERN NO. 782/033[00m
/033[38;5;xmPASS PATTERN NO. 783/033[00m
/033[38;5;xmPASS PATTERN NO. 784/033[00m
/033[38;5;xmPASS PATTERN NO. 785/033[00m
/033[38;5;xmPASS PATTERN NO. 786/033[00m
/033[38;5;xmPASS PATTERN NO. 787/033[00m
/033[38;5;xmPASS PATTERN NO. 788/033[00m
/033[38;5;xmPASS PATTERN NO. 789/033[00m
/033[38;5;xmPASS PATTERN NO. 790/033[00m
/033[38;5;xmPASS PATTERN NO. 791/033[00m
/033[38;5;xmPASS PATTERN NO. 792/033[00m
/033[38;5;xmPASS PATTERN NO. 793/033[00m
/033[38;5;xmPASS PATTERN NO. 794/033[00m
/033[38;5;xmPASS PATTERN NO. 795/033[00m
/033[38;5;xmPASS PATTERN NO. 796/033[00m
/033[38;5;xmPASS PATTERN NO. 797/033[00m
/033[38;5;xmPASS PATTERN NO. 798/033[00m
/033[38;5;xmPASS PATTERN NO. 799/033[00m
/033[38;5;xmPASS PATTERN NO. 800/033[00m
/033[38;5;xmPASS PATTERN NO. 801/033[00m
/033[38;5;xmPASS PATTERN NO. 802/033[00m
/033[38;5;xmPASS PATTERN NO. 803/033[00m
/033[38;5;xmPASS PATTERN NO. 804/033[00m
/033[38;5;xmPASS PATTERN NO. 805/033[00m
/033[38;5;xmPASS PATTERN NO. 806/033[00m
/033[38;5;xmPASS PATTERN NO. 807/033[00m
/033[38;5;xmPASS PATTERN NO. 808/033[00m
/033[38;5;xmPASS PATTERN NO. 809/033[00m
/033[38;5;xmPASS PATTERN NO. 810/033[00m
/033[38;5;xmPASS PATTERN NO. 811/033[00m
/033[38;5;xmPASS PATTERN NO. 812/033[00m
/033[38;5;xmPASS PATTERN NO. 813/033[00m
/033[38;5;xmPASS PATTERN NO. 814/033[00m
/033[38;5;xmPASS PATTERN NO. 815/033[00m
/033[38;5;xmPASS PATTERN NO. 816/033[00m
/033[38;5;xmPASS PATTERN NO. 817/033[00m
/033[38;5;xmPASS PATTERN NO. 818/033[00m
/033[38;5;xmPASS PATTERN NO. 819/033[00m
/033[38;5;xmPASS PATTERN NO. 820/033[00m
/033[38;5;xmPASS PATTERN NO. 821/033[00m
/033[38;5;xmPASS PATTERN NO. 822/033[00m
/033[38;5;xmPASS PATTERN NO. 823/033[00m
/033[38;5;xmPASS PATTERN NO. 824/033[00m
/033[38;5;xmPASS PATTERN NO. 825/033[00m
/033[38;5;xmPASS PATTERN NO. 826/033[00m
/033[38;5;xmPASS PATTERN NO. 827/033[00m
/033[38;5;xmPASS PATTERN NO. 828/033[00m
/033[38;5;xmPASS PATTERN NO. 829/033[00m
/033[38;5;xmPASS PATTERN NO. 830/033[00m
/033[38;5;xmPASS PATTERN NO. 831/033[00m
/033[38;5;xmPASS PATTERN NO. 832/033[00m
/033[38;5;xmPASS PATTERN NO. 833/033[00m
/033[38;5;xmPASS PATTERN NO. 834/033[00m
/033[38;5;xmPASS PATTERN NO. 835/033[00m
/033[38;5;xmPASS PATTERN NO. 836/033[00m
/033[38;5;xmPASS PATTERN NO. 837/033[00m
/033[38;5;xmPASS PATTERN NO. 838/033[00m
/033[38;5;xmPASS PATTERN NO. 839/033[00m
/033[38;5;xmPASS PATTERN NO. 840/033[00m
/033[38;5;xmPASS PATTERN NO. 841/033[00m
/033[38;5;xmPASS PATTERN NO. 842/033[00m
/033[38;5;xmPASS PATTERN NO. 843/033[00m
/033[38;5;xmPASS PATTERN NO. 844/033[00m
/033[38;5;xmPASS PATTERN NO. 845/033[00m
/033[38;5;xmPASS PATTERN NO. 846/033[00m
/033[38;5;xmPASS PATTERN NO. 847/033[00m
/033[38;5;xmPASS PATTERN NO. 848/033[00m
/033[38;5;xmPASS PATTERN NO. 849/033[00m
/033[38;5;xmPASS PATTERN NO. 850/033[00m
/033[38;5;xmPASS PATTERN NO. 851/033[00m
/033[38;5;xmPASS PATTERN NO. 852/033[00m
/033[38;5;xmPASS PATTERN NO. 853/033[00m
/033[38;5;xmPASS PATTERN NO. 854/033[00m
/033[38;5;xmPASS PATTERN NO. 855/033[00m
/033[38;5;xmPASS PATTERN NO. 856/033[00m
/033[38;5;xmPASS PATTERN NO. 857/033[00m
/033[38;5;xmPASS PATTERN NO. 858/033[00m
/033[38;5;xmPASS PATTERN NO. 859/033[00m
/033[38;5;xmPASS PATTERN NO. 860/033[00m
/033[38;5;xmPASS PATTERN NO. 861/033[00m
/033[38;5;xmPASS PATTERN NO. 862/033[00m
/033[38;5;xmPASS PATTERN NO. 863/033[00m
/033[38;5;xmPASS PATTERN NO. 864/033[00m
/033[38;5;xmPASS PATTERN NO. 865/033[00m
/033[38;5;xmPASS PATTERN NO. 866/033[00m
/033[38;5;xmPASS PATTERN NO. 867/033[00m
/033[38;5;xmPASS PATTERN NO. 868/033[00m
/033[38;5;xmPASS PATTERN NO. 869/033[00m
/033[38;5;xmPASS PATTERN NO. 870/033[00m
/033[38;5;xmPASS PATTERN NO. 871/033[00m
/033[38;5;xmPASS PATTERN NO. 872/033[00m
/033[38;5;xmPASS PATTERN NO. 873/033[00m
/033[38;5;xmPASS PATTERN NO. 874/033[00m
/033[38;5;xmPASS PATTERN NO. 875/033[00m
/033[38;5;xmPASS PATTERN NO. 876/033[00m
/033[38;5;xmPASS PATTERN NO. 877/033[00m
/033[38;5;xmPASS PATTERN NO. 878/033[00m
/033[38;5;xmPASS PATTERN NO. 879/033[00m
/033[38;5;xmPASS PATTERN NO. 880/033[00m
/033[38;5;xmPASS PATTERN NO. 881/033[00m
/033[38;5;xmPASS PATTERN NO. 882/033[00m
/033[38;5;xmPASS PATTERN NO. 883/033[00m
/033[38;5;xmPASS PATTERN NO. 884/033[00m
/033[38;5;xmPASS PATTERN NO. 885/033[00m
/033[38;5;xmPASS PATTERN NO. 886/033[00m
/033[38;5;xmPASS PATTERN NO. 887/033[00m
/033[38;5;xmPASS PATTERN NO. 888/033[00m
/033[38;5;xmPASS PATTERN NO. 889/033[00m
/033[38;5;xmPASS PATTERN NO. 890/033[00m
/033[38;5;xmPASS PATTERN NO. 891/033[00m
/033[38;5;xmPASS PATTERN NO. 892/033[00m
/033[38;5;xmPASS PATTERN NO. 893/033[00m
/033[38;5;xmPASS PATTERN NO. 894/033[00m
/033[38;5;xmPASS PATTERN NO. 895/033[00m
/033[38;5;xmPASS PATTERN NO. 896/033[00m
/033[38;5;xmPASS PATTERN NO. 897/033[00m
/033[38;5;xmPASS PATTERN NO. 898/033[00m
/033[38;5;xmPASS PATTERN NO. 899/033[00m
/033[38;5;xmPASS PATTERN NO. 900/033[00m
/033[38;5;xmPASS PATTERN NO. 901/033[00m
/033[38;5;xmPASS PATTERN NO. 902/033[00m
/033[38;5;xmPASS PATTERN NO. 903/033[00m
/033[38;5;xmPASS PATTERN NO. 904/033[00m
/033[38;5;xmPASS PATTERN NO. 905/033[00m
/033[38;5;xmPASS PATTERN NO. 906/033[00m
/033[38;5;xmPASS PATTERN NO. 907/033[00m
/033[38;5;xmPASS PATTERN NO. 908/033[00m
/033[38;5;xmPASS PATTERN NO. 909/033[00m
/033[38;5;xmPASS PATTERN NO. 910/033[00m
/033[38;5;xmPASS PATTERN NO. 911/033[00m
/033[38;5;xmPASS PATTERN NO. 912/033[00m
/033[38;5;xmPASS PATTERN NO. 913/033[00m
/033[38;5;xmPASS PATTERN NO. 914/033[00m
/033[38;5;xmPASS PATTERN NO. 915/033[00m
/033[38;5;xmPASS PATTERN NO. 916/033[00m
/033[38;5;xmPASS PATTERN NO. 917/033[00m
/033[38;5;xmPASS PATTERN NO. 918/033[00m
/033[38;5;xmPASS PATTERN NO. 919/033[00m
/033[38;5;xmPASS PATTERN NO. 920/033[00m
/033[38;5;xmPASS PATTERN NO. 921/033[00m
/033[38;5;xmPASS PATTERN NO. 922/033[00m
/033[38;5;xmPASS PATTERN NO. 923/033[00m
/033[38;5;xmPASS PATTERN NO. 924/033[00m
/033[38;5;xmPASS PATTERN NO. 925/033[00m
/033[38;5;xmPASS PATTERN NO. 926/033[00m
/033[38;5;xmPASS PATTERN NO. 927/033[00m
/033[38;5;xmPASS PATTERN NO. 928/033[00m
/033[38;5;xmPASS PATTERN NO. 929/033[00m
/033[38;5;xmPASS PATTERN NO. 930/033[00m
/033[38;5;xmPASS PATTERN NO. 931/033[00m
/033[38;5;xmPASS PATTERN NO. 932/033[00m
/033[38;5;xmPASS PATTERN NO. 933/033[00m
/033[38;5;xmPASS PATTERN NO. 934/033[00m
/033[38;5;xmPASS PATTERN NO. 935/033[00m
/033[38;5;xmPASS PATTERN NO. 936/033[00m
/033[38;5;xmPASS PATTERN NO. 937/033[00m
/033[38;5;xmPASS PATTERN NO. 938/033[00m
/033[38;5;xmPASS PATTERN NO. 939/033[00m
/033[38;5;xmPASS PATTERN NO. 940/033[00m
/033[38;5;xmPASS PATTERN NO. 941/033[00m
/033[38;5;xmPASS PATTERN NO. 942/033[00m
/033[38;5;xmPASS PATTERN NO. 943/033[00m
/033[38;5;xmPASS PATTERN NO. 944/033[00m
/033[38;5;xmPASS PATTERN NO. 945/033[00m
/033[38;5;xmPASS PATTERN NO. 946/033[00m
/033[38;5;xmPASS PATTERN NO. 947/033[00m
/033[38;5;xmPASS PATTERN NO. 948/033[00m
/033[38;5;xmPASS PATTERN NO. 949/033[00m
/033[38;5;xmPASS PATTERN NO. 950/033[00m
/033[38;5;xmPASS PATTERN NO. 951/033[00m
/033[38;5;xmPASS PATTERN NO. 952/033[00m
/033[38;5;xmPASS PATTERN NO. 953/033[00m
/033[38;5;xmPASS PATTERN NO. 954/033[00m
/033[38;5;xmPASS PATTERN NO. 955/033[00m
/033[38;5;xmPASS PATTERN NO. 956/033[00m
/033[38;5;xmPASS PATTERN NO. 957/033[00m
/033[38;5;xmPASS PATTERN NO. 958/033[00m
/033[38;5;xmPASS PATTERN NO. 959/033[00m
/033[38;5;xmPASS PATTERN NO. 960/033[00m
/033[38;5;xmPASS PATTERN NO. 961/033[00m
/033[38;5;xmPASS PATTERN NO. 962/033[00m
/033[38;5;xmPASS PATTERN NO. 963/033[00m
/033[38;5;xmPASS PATTERN NO. 964/033[00m
/033[38;5;xmPASS PATTERN NO. 965/033[00m
/033[38;5;xmPASS PATTERN NO. 966/033[00m
/033[38;5;xmPASS PATTERN NO. 967/033[00m
/033[38;5;xmPASS PATTERN NO. 968/033[00m
/033[38;5;xmPASS PATTERN NO. 969/033[00m
/033[38;5;xmPASS PATTERN NO. 970/033[00m
/033[38;5;xmPASS PATTERN NO. 971/033[00m
/033[38;5;xmPASS PATTERN NO. 972/033[00m
/033[38;5;xmPASS PATTERN NO. 973/033[00m
/033[38;5;xmPASS PATTERN NO. 974/033[00m
/033[38;5;xmPASS PATTERN NO. 975/033[00m
/033[38;5;xmPASS PATTERN NO. 976/033[00m
/033[38;5;xmPASS PATTERN NO. 977/033[00m
/033[38;5;xmPASS PATTERN NO. 978/033[00m
/033[38;5;xmPASS PATTERN NO. 979/033[00m
/033[38;5;xmPASS PATTERN NO. 980/033[00m
/033[38;5;xmPASS PATTERN NO. 981/033[00m
/033[38;5;xmPASS PATTERN NO. 982/033[00m
/033[38;5;xmPASS PATTERN NO. 983/033[00m
/033[38;5;xmPASS PATTERN NO. 984/033[00m
/033[38;5;xmPASS PATTERN NO. 985/033[00m
/033[38;5;xmPASS PATTERN NO. 986/033[00m
/033[38;5;xmPASS PATTERN NO. 987/033[00m
/033[38;5;xmPASS PATTERN NO. 988/033[00m
/033[38;5;xmPASS PATTERN NO. 989/033[00m
/033[38;5;xmPASS PATTERN NO. 990/033[00m
/033[38;5;xmPASS PATTERN NO. 991/033[00m
/033[38;5;xmPASS PATTERN NO. 992/033[00m
/033[38;5;xmPASS PATTERN NO. 993/033[00m
/033[38;5;xmPASS PATTERN NO. 994/033[00m
/033[38;5;xmPASS PATTERN NO. 995/033[00m
/033[38;5;xmPASS PATTERN NO. 996/033[00m
/033[38;5;xmPASS PATTERN NO. 997/033[00m
/033[38;5;xmPASS PATTERN NO. 998/033[00m
/033[38;5;xmPASS PATTERN NO. 999/033[00m
/033[38;5;xmPASS PATTERN NO.1000/033[00m
                                                             [33m`-                                                                            
                                                             /NN.                                                                           
                                                            sMMM+                                                                           
 .``                                                       sMMMMy                                                                           
 oNNmhs+:-`                                               oMMMMMh                                                                           
  /mMMMMMNNd/:-`                                         :+smMMMh                                                                           
   .sNMMMMMN::://:-`                                    .o--:sNMy                                                                           
     -yNMMMM:----::/:-.                                 o:----/mo                                                                           
       -yNMMo--------://:.                             -+------+/                                                                           
         .omd/::--------://:`                          o-------o.                                                                           
           `/+o+//::-------:+:`                       .+-------y                                                                            
              .:+++//::------:+/.---------.`          +:------/+                                                                            
                 `-/+++/::----:/:::::::::::://:-.     o------:s.          [37m:::::----.           -::::.          `-:////:-`     `.:////:-.    [33m
                    `.:///+/------------------:::/:- `o-----:/o          [37m.NNNNNNNNNNds-       -NNNNNd`       -smNMMMMMMNy   .smNNMMMMMNh    [33m
                         :+:----------------------::/:s-----/s.          [37m.MMMMo++sdMMMN-     `mMMmMMMs      -NMMMh+///oys  `mMMMdo///oyy    [33m
                        :/---------------------------:++:--/++           [37m.MMMM.   `mMMMy     yMMM:dMMM/     +MMMM:      `  :MMMM+`     `    [33m
                       :/---///:-----------------------::-/+o`           [37m.MMMM.   -NMMMo    +MMMs -NMMm.    .mMMMNdo:.     `dMMMNds/-`      [33m
                      -+--/dNs-o/------------------------:+o`            [37m.MMMMyyyhNMMNy`   -NMMm`  sMMMh     .odNMMMMNd+`   `+dNMMMMNdo.    [33m
                     .o---yMMdsdo------------------------:s`             [37m.MMMMNmmmdho-    `dMMMdooosMMMM+      `./sdNMMMd.    `.:ohNMMMm-   [33m
                    -yo:--/hmmds:----------------//:------o              [37m.MMMM:...`       sMMMMMMMMMMMMMN-  ``     `:MMMM+ ``      -NMMMs   [33m
                   /yssy----:::-------o+-------/h/-hy:---:+              [37m.MMMM.          /MMMN:------hMMMd` +dy+:::/yMMMN- :my+:::/sMMMM/   [33m
                  :ysssh:------//////++/-------sMdyNMo---o.              [37m.MMMM.         .mMMMs       .NMMMs /NMMMMMMMMmh:  -NMMMMMMMMNh/    [33m
                  ossssh:-------ddddmmmds/:----:hmNNh:---o               [37m`::::`         .::::`        -:::: `-:/++++/-.     .:/++++/-.      [33m
                  /yssyo--------dhhyyhhdmmhy+:---://----+-                                                                                  
                  `yss+---------hoo++oosydms----------::s    `.....-.                                                                       
                   :+-----------y+++++++oho--------:+sssy.://:::://+o.                                                                      
                    //----------y++++++os/--------+yssssy/:--------:/s-                                                                     
             `..:::::s+//:::----+s+++ooo:--------+yssssy:-----------++                                                                      
           `://::------::///+/:--+soo+:----------ssssys/---------:o+s.``                                                                    
          .+:----------------/++/:---------------:sys+----------:o/////////::::-...`                                                        
          o---------------------oo::----------::/+//---------::o+--------------:/ohdhyo/-.``                                                
          o---------------------/s+////:----:://:---------::/+h/------------------:oNMMMMNmhs+:.`                                           
          -+:::::--------------:s+-:::-----------------:://++:s--::------------::://sMMMMMMMMMMNds/`                                        
           .+++/////////////+++s/:------------------:://+++- :+--////::------/ydmNNMMMMMMMMMMMMMMmo`                                        
             ./+oo+++oooo++/:---------------------:///++/-   o--:///////::----sNMMMMMMMMMMMMMMMmo.                                          
                o::::::--------------------------:/+++:`    .o--////////////:--+mMMMMMMMMMMMMmo`                                            
               :+--------------------------------/so.       +:-:////+++++///++//+mMMMMMMMMMmo`                                              
              .s----------------------------------+: ````` `s--////o:.-:/+syddmNMMMMMMMMMmo`                                                
              o:----------------------------------s. :s+/////--//+o-       `-:+shmNNMMMNs.                                                  
             //-----------------------------------s` .s///:---:/+o.               `-/+o.                                                    
            .o------------------------------------o.  y///+//:/+o`                                                                          
            o-------------------------------------:/  o+//s//+++`                                                                           
           //--------------------------------------s+/o+//s`                                                                                
          -+---------------------------------------:y++///s                                                                                 
          o-----------------------------------------oo/+++o                                                                                 
         `s-----------------------------------------:s   ``                                                                                 
          o-:::::------------------:::::-------------o.                                                                                     
          .+//////////::::::://///////////////:::----o`                                                                                     
          `:soo+///////////+++oooooo+/////////////:-//                                                                                      
       -/os/--:++/+ooo:::---..:://+ooooo++///////++so-`                                                                                     
      syyooo+o++//::-                 ``-::/yoooo+/:::+s/.                                                                                  
       `..``                                `-::::///:++sys:                                                                                
                                                    `.:::/o+  [37m                                                                              
                                                Your execution cycles   = 30000 cycles                                          
                                                Your clock period       = 10.0 ns                                             
                                              Average Cycle Per pattern = 30.0 ns                                             
                                                Total latency           = 310000.0 ns                                             
----------------------